Traceback (most recent call last):
  File "main.py", line 15, in <module>
    from helpers import ReplayBuffer
  File "/home/zpgong/RL/MARL_Fin/helpers.py", line 5, in <module>
    import gym
  File "/home/zpgong/anaconda3/envs/torch/lib/python3.8/site-packages/gym/__init__.py", line 3, in <module>
    import sys
KeyboardInterrupt
Traceback (most recent call last):
  File "main.py", line 11, in <module>
    import torch
  File "/home/zpgong/anaconda3/envs/torch/lib/python3.8/site-packages/torch/__init__.py", line 634, in <module>
    from torch import quantization as quantization
  File "/home/zpgong/anaconda3/envs/torch/lib/python3.8/site-packages/torch/quantization/__init__.py", line 1, in <module>
    from .quantize import *
  File "/home/zpgong/anaconda3/envs/torch/lib/python3.8/site-packages/torch/quantization/quantize.py", line 11, in <module>
    from .quantization_mappings import (
  File "/home/zpgong/anaconda3/envs/torch/lib/python3.8/site-packages/torch/quantization/quantization_mappings.py", line 100, in <module>
    F.elu: torch._ops.ops.quantized.elu,
  File "/home/zpgong/anaconda3/envs/torch/lib/python3.8/site-packages/torch/_ops.py", line 60, in __getattr__
    op = torch._C._jit_get_operation(qualified_op_name)
KeyboardInterrupt
